  EventHandler.cpp
  NeonTetris.cpp
e:\c++\simplegames\sfml\neontetris\render.h(26): warning C4091: 'static ': ignored on left of 'Render::Displays' when no variable is declared
e:\c++\simplegames\sfml\neontetris\validator.h(11): warning C4091: 'static ': ignored on left of 'Validator' when no variable is declared
e:\c++\simplegames\sfml\neontetris\neontetris.cpp(23): warning C4244: 'argument': conversion from 'time_t' to 'unsigned int', possible loss of data
e:\c++\simplegames\sfml\neontetris\neontetris.cpp(40): warning C4305: 'initializing': truncation from 'double' to 'float'
e:\c++\simplegames\sfml\neontetris\neontetris.cpp(84): warning C4305: '=': truncation from 'double' to 'float'
  Render.cpp
e:\c++\simplegames\sfml\neontetris\render.h(26): warning C4091: 'static ': ignored on left of 'Render::Displays' when no variable is declared
e:\c++\simplegames\sfml\neontetris\render.cpp(32): warning C4244: 'argument': conversion from 'int' to 'float', possible loss of data
e:\c++\simplegames\sfml\neontetris\render.cpp(43): warning C4244: 'argument': conversion from 'int' to 'float', possible loss of data
  Spawner.cpp
e:\c++\simplegames\sfml\neontetris\validator.h(11): warning C4091: 'static ': ignored on left of 'Validator' when no variable is declared
  TetrominoController.cpp
e:\c++\simplegames\sfml\neontetris\validator.h(11): warning C4091: 'static ': ignored on left of 'Validator' when no variable is declared
  Validator.cpp
e:\c++\simplegames\sfml\neontetris\validator.h(11): warning C4091: 'static ': ignored on left of 'Validator' when no variable is declared
  Generating code
  All 79 functions were compiled because no usable IPDB/IOBJ from previous compilation was found.
  Finished generating code
  NeonTetris.vcxproj -> E:\C++\SimpleGames\SFML\NeonTetris\x64\Release\NeonTetris.exe
